<?xml version="1.0" encoding="UTF-8"?>
<testng-results ignored="0" total="2" passed="2" failed="0" skipped="0">
  <reporter-output>
    <line>
      <![CDATA[CreateCustomer]]>
    </line>
  </reporter-output>
  <suite started-at="2023-05-09T01:55:56 IST" name="Suite" finished-at="2023-05-09T01:56:07 IST" duration-ms="10557">
    <groups>
    </groups>
    <test started-at="2023-05-09T01:55:56 IST" name="Test" finished-at="2023-05-09T01:56:07 IST" duration-ms="10557">
      <class name="com.sdet.Login_1">
        <test-method signature="Login()[pri:0, instance:com.sdet.Login_1@5b0abc94]" started-at="2023-05-09T01:55:56 IST" name="Login" finished-at="2023-05-09T01:56:07 IST" duration-ms="10491" status="PASS">
          <reporter-output>
          </reporter-output>
        </test-method> <!-- Login -->
      </class> <!-- com.sdet.Login_1 -->
      <class name="com.sdet.Test1">
        <test-method signature="CreateCustomer()[pri:0, instance:com.sdet.Test1@5ef60048]" started-at="2023-05-09T01:56:07 IST" name="CreateCustomer" finished-at="2023-05-09T01:56:07 IST" duration-ms="1" status="PASS">
          <reporter-output>
            <line>
              <![CDATA[CreateCustomer]]>
            </line>
          </reporter-output>
        </test-method> <!-- CreateCustomer -->
      </class> <!-- com.sdet.Test1 -->
    </test> <!-- Test -->
  </suite> <!-- Suite -->
</testng-results>
